# JRE version: Java(TM) SE Runtime Environment (21.0.5+9) (build 21.0.5+9-LTS-239)
# Java VM: Java HotSpot(TM) 64-Bit Server VM (21.0.5+9-LTS-239, mixed mode, sharing, tiered, compressed oops, compressed class ptrs, g1 gc, windows-amd64)
GC Precious Log:
 CardTable entry size: 512
 Card Set container configuration: InlinePtr #cards 5 size 8 Array Of Cards #cards 12 size 40 Howl #buckets 4 coarsen threshold 1843 Howl Bitmap #cards 512 size 80 coarsen threshold 460 Card regions per heap region 1 cards per card region 2048
 CPUs: 4 total, 4 available
 Memory: 8083M
 Large Page Support: Disabled
 NUMA Support: Disabled
 Compressed Oops: Enabled (32-bit)
 Heap Region Size: 1M
 Heap Min Capacity: 8M
 Heap Initial Capacity: 128M
 Heap Max Capacity: 2G
 Pre-touch: Disabled
 Parallel Workers: 4
 Concurrent Workers: 1
 Concurrent Refinement Workers: 4
 Periodic GC: Disabled
Heap:
 garbage-first heap   total 239616K, used 134019K [0x0000000080000000, 0x0000000100000000)
  region size 1024K, 9 young (9216K), 9 survivors (9216K)
 Metaspace       used 104054K, committed 106496K, reserved 557056K
  class space    used 14087K, committed 15296K, reserved 425984K
GC Heap History (20 events):
Event: 175.721 GC heap after
{Heap after GC invocations=36 (full 0):
 garbage-first heap   total 137216K, used 83510K [0x0000000080000000, 0x0000000100000000)
  region size 1024K, 6 young (6144K), 6 survivors (6144K)
 Metaspace       used 94739K, committed 97216K, reserved 557056K
  class space    used 13233K, committed 14464K, reserved 425984K
}
Event: 177.976 GC heap before
{Heap before GC invocations=36 (full 0):
 garbage-first heap   total 137216K, used 97846K [0x0000000080000000, 0x0000000100000000)
  region size 1024K, 22 young (22528K), 6 survivors (6144K)
 Metaspace       used 96108K, committed 98560K, reserved 557056K
  class space    used 13364K, committed 14592K, reserved 425984K
}
Event: 177.992 GC heap after
{Heap after GC invocations=37 (full 0):
 garbage-first heap   total 137216K, used 86397K [0x0000000080000000, 0x0000000100000000)
  region size 1024K, 3 young (3072K), 3 survivors (3072K)
 Metaspace       used 96108K, committed 98560K, reserved 557056K
  class space    used 13364K, committed 14592K, reserved 425984K
}
Event: 215.325 GC heap before
{Heap before GC invocations=38 (full 0):
 garbage-first heap   total 150528K, used 127357K [0x0000000080000000, 0x0000000100000000)
  region size 1024K, 41 young (41984K), 3 survivors (3072K)
 Metaspace       used 99822K, committed 102272K, reserved 557056K
  class space    used 13684K, committed 14912K, reserved 425984K
}
Event: 215.330 GC heap after
{Heap after GC invocations=39 (full 0):
 garbage-first heap   total 150528K, used 86941K [0x0000000080000000, 0x0000000100000000)
  region size 1024K, 4 young (4096K), 4 survivors (4096K)
 Metaspace       used 99822K, committed 102272K, reserved 557056K
  class space    used 13684K, committed 14912K, reserved 425984K
}
Event: 220.454 GC heap before
{Heap before GC invocations=39 (full 0):
 garbage-first heap   total 150528K, used 137117K [0x0000000080000000, 0x0000000100000000)
  region size 1024K, 53 young (54272K), 4 survivors (4096K)
 Metaspace       used 102955K, committed 105536K, reserved 557056K
  class space    used 14031K, committed 15296K, reserved 425984K
}
Event: 220.467 GC heap after
{Heap after GC invocations=40 (full 0):
 garbage-first heap   total 150528K, used 90200K [0x0000000080000000, 0x0000000100000000)
  region size 1024K, 7 young (7168K), 7 survivors (7168K)
 Metaspace       used 102955K, committed 105536K, reserved 557056K
  class space    used 14031K, committed 15296K, reserved 425984K
}
Event: 238.227 GC heap before
{Heap before GC invocations=40 (full 0):
 garbage-first heap   total 150528K, used 133208K [0x0000000080000000, 0x0000000100000000)
  region size 1024K, 50 young (51200K), 7 survivors (7168K)
 Metaspace       used 103631K, committed 106112K, reserved 557056K
  class space    used 14053K, committed 15296K, reserved 425984K
}
Event: 238.243 GC heap after
{Heap after GC invocations=41 (full 0):
 garbage-first heap   total 150528K, used 93363K [0x0000000080000000, 0x0000000100000000)
  region size 1024K, 4 young (4096K), 4 survivors (4096K)
 Metaspace       used 103631K, committed 106112K, reserved 557056K
  class space    used 14053K, committed 15296K, reserved 425984K
}
Event: 238.893 GC heap before
{Heap before GC invocations=42 (full 0):
 garbage-first heap   total 168960K, used 135347K [0x0000000080000000, 0x0000000100000000)
  region size 1024K, 46 young (47104K), 4 survivors (4096K)
 Metaspace       used 103700K, committed 106176K, reserved 557056K
  class space    used 14059K, committed 15296K, reserved 425984K
}
Event: 238.910 GC heap after
{Heap after GC invocations=43 (full 0):
 garbage-first heap   total 168960K, used 100781K [0x0000000080000000, 0x0000000100000000)
  region size 1024K, 6 young (6144K), 6 survivors (6144K)
 Metaspace       used 103700K, committed 106176K, reserved 557056K
  class space    used 14059K, committed 15296K, reserved 425984K
}
Event: 239.264 GC heap before
{Heap before GC invocations=43 (full 0):
 garbage-first heap   total 168960K, used 150957K [0x0000000080000000, 0x0000000100000000)
  region size 1024K, 56 young (57344K), 6 survivors (6144K)
 Metaspace       used 103701K, committed 106176K, reserved 557056K
  class space    used 14059K, committed 15296K, reserved 425984K
}
Event: 239.299 GC heap after
{Heap after GC invocations=44 (full 0):
 garbage-first heap   total 173056K, used 113474K [0x0000000080000000, 0x0000000100000000)
  region size 1024K, 7 young (7168K), 7 survivors (7168K)
 Metaspace       used 103701K, committed 106176K, reserved 557056K
  class space    used 14059K, committed 15296K, reserved 425984K
}
Event: 239.323 GC heap before
{Heap before GC invocations=44 (full 0):
 garbage-first heap   total 173056K, used 116546K [0x0000000080000000, 0x0000000100000000)
  region size 1024K, 11 young (11264K), 7 survivors (7168K)
 Metaspace       used 103701K, committed 106176K, reserved 557056K
  class space    used 14059K, committed 15296K, reserved 425984K
}
Event: 239.343 GC heap after
{Heap after GC invocations=45 (full 0):
 garbage-first heap   total 173056K, used 117368K [0x0000000080000000, 0x0000000100000000)
  region size 1024K, 3 young (3072K), 3 survivors (3072K)
 Metaspace       used 103701K, committed 106176K, reserved 557056K
  class space    used 14059K, committed 15296K, reserved 425984K
}
Event: 239.550 GC heap before
{Heap before GC invocations=45 (full 0):
 garbage-first heap   total 173056K, used 147064K [0x0000000080000000, 0x0000000100000000)
  region size 1024K, 31 young (31744K), 3 survivors (3072K)
 Metaspace       used 103719K, committed 106176K, reserved 557056K
  class space    used 14062K, committed 15296K, reserved 425984K
}
Event: 239.569 GC heap after
{Heap after GC invocations=46 (full 0):
 garbage-first heap   total 173056K, used 125323K [0x0000000080000000, 0x0000000100000000)
  region size 1024K, 4 young (4096K), 4 survivors (4096K)
 Metaspace       used 103719K, committed 106176K, reserved 557056K
  class space    used 14062K, committed 15296K, reserved 425984K
}
Event: 239.949 GC heap before
{Heap before GC invocations=47 (full 0):
 garbage-first heap   total 239616K, used 148875K [0x0000000080000000, 0x0000000100000000)
  region size 1024K, 28 young (28672K), 4 survivors (4096K)
 Metaspace       used 103849K, committed 106304K, reserved 557056K
  class space    used 14067K, committed 15296K, reserved 425984K
}
Event: 239.967 GC heap after
{Heap after GC invocations=48 (full 0):
 garbage-first heap   total 239616K, used 129315K [0x0000000080000000, 0x0000000100000000)
  region size 1024K, 4 young (4096K), 4 survivors (4096K)
 Metaspace       used 103849K, committed 106304K, reserved 557056K
  class space    used 14067K, committed 15296K, reserved 425984K
}
Event: 241.126 GC heap before
{Heap before GC invocations=48 (full 0):
 garbage-first heap   total 239616K, used 190755K [0x0000000080000000, 0x0000000100000000)
  region size 1024K, 65 young (66560K), 4 survivors (4096K)
 Metaspace       used 104054K, committed 106496K, reserved 557056K
  class space    used 14087K, committed 15296K, reserved 425984K
}

