# JRE version: Java(TM) SE Runtime Environment (21.0.5+9) (build 21.0.5+9-LTS-239)
# Java VM: Java HotSpot(TM) 64-Bit Server VM (21.0.5+9-LTS-239, mixed mode, sharing, tiered, compressed oops, compressed class ptrs, g1 gc, windows-amd64)
GC Precious Log:
 CardTable entry size: 512
 Card Set container configuration: InlinePtr #cards 5 size 8 Array Of Cards #cards 12 size 40 Howl #buckets 4 coarsen threshold 1843 Howl Bitmap #cards 512 size 80 coarsen threshold 460 Card regions per heap region 1 cards per card region 2048
 CPUs: 4 total, 4 available
 Memory: 8083M
 Large Page Support: Disabled
 NUMA Support: Disabled
 Compressed Oops: Enabled (32-bit)
 Heap Region Size: 1M
 Heap Min Capacity: 8M
 Heap Initial Capacity: 128M
 Heap Max Capacity: 2G
 Pre-touch: Disabled
 Parallel Workers: 4
 Concurrent Workers: 1
 Concurrent Refinement Workers: 4
 Periodic GC: Disabled
Heap:
 garbage-first heap   total 89088K, used 55285K [0x0000000080000000, 0x0000000100000000)
  region size 1024K, 18 young (18432K), 5 survivors (5120K)
 Metaspace       used 56556K, committed 58368K, reserved 491520K
  class space    used 8000K, committed 8896K, reserved 425984K
GC Heap History (20 events):
Event: 5.568 GC heap before
{Heap before GC invocations=3 (full 0):
 garbage-first heap   total 131072K, used 84279K [0x0000000080000000, 0x0000000100000000)
  region size 1024K, 76 young (77824K), 10 survivors (10240K)
 Metaspace       used 18959K, committed 19456K, reserved 491520K
  class space    used 2647K, committed 2880K, reserved 425984K
}
Event: 5.585 GC heap after
{Heap after GC invocations=4 (full 0):
 garbage-first heap   total 131072K, used 22472K [0x0000000080000000, 0x0000000100000000)
  region size 1024K, 5 young (5120K), 5 survivors (5120K)
 Metaspace       used 18959K, committed 19456K, reserved 491520K
  class space    used 2647K, committed 2880K, reserved 425984K
}
Event: 5.922 GC heap before
{Heap before GC invocations=4 (full 0):
 garbage-first heap   total 131072K, used 38856K [0x0000000080000000, 0x0000000100000000)
  region size 1024K, 22 young (22528K), 5 survivors (5120K)
 Metaspace       used 20881K, committed 21504K, reserved 491520K
  class space    used 2980K, committed 3328K, reserved 425984K
}
Event: 5.931 GC heap after
{Heap after GC invocations=5 (full 0):
 garbage-first heap   total 131072K, used 23747K [0x0000000080000000, 0x0000000100000000)
  region size 1024K, 7 young (7168K), 7 survivors (7168K)
 Metaspace       used 20881K, committed 21504K, reserved 491520K
  class space    used 2980K, committed 3328K, reserved 425984K
}
Event: 7.211 GC heap before
{Heap before GC invocations=6 (full 0):
 garbage-first heap   total 89088K, used 69827K [0x0000000080000000, 0x0000000100000000)
  region size 1024K, 52 young (53248K), 7 survivors (7168K)
 Metaspace       used 27232K, committed 28224K, reserved 491520K
  class space    used 3991K, committed 4480K, reserved 425984K
}
Event: 7.228 GC heap after
{Heap after GC invocations=7 (full 0):
 garbage-first heap   total 89088K, used 26432K [0x0000000080000000, 0x0000000100000000)
  region size 1024K, 4 young (4096K), 4 survivors (4096K)
 Metaspace       used 27232K, committed 28224K, reserved 491520K
  class space    used 3991K, committed 4480K, reserved 425984K
}
Event: 8.439 GC heap before
{Heap before GC invocations=7 (full 0):
 garbage-first heap   total 89088K, used 74560K [0x0000000080000000, 0x0000000100000000)
  region size 1024K, 52 young (53248K), 4 survivors (4096K)
 Metaspace       used 33839K, committed 34880K, reserved 491520K
  class space    used 4725K, committed 5248K, reserved 425984K
}
Event: 8.454 GC heap after
{Heap after GC invocations=8 (full 0):
 garbage-first heap   total 89088K, used 31192K [0x0000000080000000, 0x0000000100000000)
  region size 1024K, 7 young (7168K), 7 survivors (7168K)
 Metaspace       used 33839K, committed 34880K, reserved 491520K
  class space    used 4725K, committed 5248K, reserved 425984K
}
Event: 8.758 GC heap before
{Heap before GC invocations=8 (full 0):
 garbage-first heap   total 89088K, used 46552K [0x0000000080000000, 0x0000000100000000)
  region size 1024K, 19 young (19456K), 7 survivors (7168K)
 Metaspace       used 35082K, committed 36096K, reserved 491520K
  class space    used 4853K, committed 5376K, reserved 425984K
}
Event: 8.773 GC heap after
{Heap after GC invocations=9 (full 0):
 garbage-first heap   total 89088K, used 35377K [0x0000000080000000, 0x0000000100000000)
  region size 1024K, 2 young (2048K), 2 survivors (2048K)
 Metaspace       used 35082K, committed 36096K, reserved 491520K
  class space    used 4853K, committed 5376K, reserved 425984K
}
Event: 9.851 GC heap before
{Heap before GC invocations=10 (full 0):
 garbage-first heap   total 89088K, used 75313K [0x0000000080000000, 0x0000000100000000)
  region size 1024K, 41 young (41984K), 2 survivors (2048K)
 Metaspace       used 39506K, committed 40896K, reserved 491520K
  class space    used 5508K, committed 6208K, reserved 425984K
}
Event: 9.860 GC heap after
{Heap after GC invocations=11 (full 0):
 garbage-first heap   total 89088K, used 36497K [0x0000000080000000, 0x0000000100000000)
  region size 1024K, 5 young (5120K), 5 survivors (5120K)
 Metaspace       used 39506K, committed 40896K, reserved 491520K
  class space    used 5508K, committed 6208K, reserved 425984K
}
Event: 10.643 GC heap before
{Heap before GC invocations=11 (full 0):
 garbage-first heap   total 89088K, used 77457K [0x0000000080000000, 0x0000000100000000)
  region size 1024K, 44 young (45056K), 5 survivors (5120K)
 Metaspace       used 42475K, committed 43968K, reserved 491520K
  class space    used 5854K, committed 6592K, reserved 425984K
}
Event: 10.657 GC heap after
{Heap after GC invocations=12 (full 0):
 garbage-first heap   total 89088K, used 36975K [0x0000000080000000, 0x0000000100000000)
  region size 1024K, 2 young (2048K), 2 survivors (2048K)
 Metaspace       used 42475K, committed 43968K, reserved 491520K
  class space    used 5854K, committed 6592K, reserved 425984K
}
Event: 13.221 GC heap before
{Heap before GC invocations=12 (full 0):
 garbage-first heap   total 89088K, used 76911K [0x0000000080000000, 0x0000000100000000)
  region size 1024K, 41 young (41984K), 2 survivors (2048K)
 Metaspace       used 46182K, committed 47808K, reserved 491520K
  class space    used 6454K, committed 7232K, reserved 425984K
}
Event: 13.230 GC heap after
{Heap after GC invocations=13 (full 0):
 garbage-first heap   total 89088K, used 38786K [0x0000000080000000, 0x0000000100000000)
  region size 1024K, 3 young (3072K), 3 survivors (3072K)
 Metaspace       used 46182K, committed 47808K, reserved 491520K
  class space    used 6454K, committed 7232K, reserved 425984K
}
Event: 16.169 GC heap before
{Heap before GC invocations=13 (full 0):
 garbage-first heap   total 89088K, used 79746K [0x0000000080000000, 0x0000000100000000)
  region size 1024K, 43 young (44032K), 3 survivors (3072K)
 Metaspace       used 50801K, committed 52544K, reserved 491520K
  class space    used 7132K, committed 8000K, reserved 425984K
}
Event: 16.180 GC heap after
{Heap after GC invocations=14 (full 0):
 garbage-first heap   total 89088K, used 40702K [0x0000000080000000, 0x0000000100000000)
  region size 1024K, 5 young (5120K), 5 survivors (5120K)
 Metaspace       used 50801K, committed 52544K, reserved 491520K
  class space    used 7132K, committed 8000K, reserved 425984K
}
Event: 20.190 GC heap before
{Heap before GC invocations=14 (full 0):
 garbage-first heap   total 89088K, used 78590K [0x0000000080000000, 0x0000000100000000)
  region size 1024K, 42 young (43008K), 5 survivors (5120K)
 Metaspace       used 55299K, committed 57024K, reserved 491520K
  class space    used 7770K, committed 8640K, reserved 425984K
}
Event: 20.210 GC heap after
{Heap after GC invocations=15 (full 0):
 garbage-first heap   total 89088K, used 42997K [0x0000000080000000, 0x0000000100000000)
  region size 1024K, 5 young (5120K), 5 survivors (5120K)
 Metaspace       used 55299K, committed 57024K, reserved 491520K
  class space    used 7770K, committed 8640K, reserved 425984K
}

